# JRE version: OpenJDK Runtime Environment (7.0_85-b01) (build 1.7.0_85-b01)
# Java VM: OpenJDK 64-Bit Server VM (24.85-b03 mixed mode linux-amd64 compressed oops)
Heap
 PSYoungGen      total 113152K, used 12274K [0x00000000eaa80000, 0x00000000f2680000, 0x0000000100000000)
  eden space 100864K, 0% used [0x00000000eaa80000,0x00000000eaa80000,0x00000000f0d00000)
  from space 12288K, 99% used [0x00000000f0d00000,0x00000000f18fcab8,0x00000000f1900000)
  to   space 10752K, 0% used [0x00000000f1900000,0x00000000f1900000,0x00000000f2380000)
 ParOldGen       total 31232K, used 30498K [0x00000000c0000000, 0x00000000c1e80000, 0x00000000eaa80000)
  object space 31232K, 97% used [0x00000000c0000000,0x00000000c1dc8af0,0x00000000c1e80000)
 PSPermGen       total 21504K, used 6292K [0x00000000b5a00000, 0x00000000b6f00000, 0x00000000c0000000)
  object space 21504K, 29% used [0x00000000b5a00000,0x00000000b60250d0,0x00000000b6f00000)
GC Heap History (10 events):
Event: 2.841 GC heap after
Heap after GC invocations=2 (full 0):
 PSYoungGen      total 27136K, used 1521K [0x00000000eaa80000, 0x00000000ec680000, 0x0000000100000000)
  eden space 25600K, 0% used [0x00000000eaa80000,0x00000000eaa80000,0x00000000ec380000)
  from space 1536K, 99% used [0x00000000ec500000,0x00000000ec67c690,0x00000000ec680000)
  to   space 1536K, 0% used [0x00000000ec380000,0x00000000ec380000,0x00000000ec500000)
 ParOldGen       total 31232K, used 2792K [0x00000000c0000000, 0x00000000c1e80000, 0x00000000eaa80000)
  object space 31232K, 8% used [0x00000000c0000000,0x00000000c02ba1e8,0x00000000c1e80000)
 PSPermGen       total 21504K, used 5985K [0x00000000b5a00000, 0x00000000b6f00000, 0x00000000c0000000)
  object space 21504K, 27% used [0x00000000b5a00000,0x00000000b5fd8530,0x00000000b6f00000)
}
Event: 7.754 GC heap before
{Heap before GC invocations=3 (full 0):
 PSYoungGen      total 27136K, used 27121K [0x00000000eaa80000, 0x00000000ec680000, 0x0000000100000000)
  eden space 25600K, 100% used [0x00000000eaa80000,0x00000000ec380000,0x00000000ec380000)
  from space 1536K, 99% used [0x00000000ec500000,0x00000000ec67c690,0x00000000ec680000)
  to   space 1536K, 0% used [0x00000000ec380000,0x00000000ec380000,0x00000000ec500000)
 ParOldGen       total 31232K, used 2792K [0x00000000c0000000, 0x00000000c1e80000, 0x00000000eaa80000)
  object space 31232K, 8% used [0x00000000c0000000,0x00000000c02ba1e8,0x00000000c1e80000)
 PSPermGen       total 21504K, used 6125K [0x00000000b5a00000, 0x00000000b6f00000, 0x00000000c0000000)
  object space 21504K, 28% used [0x00000000b5a00000,0x00000000b5ffb400,0x00000000b6f00000)
Event: 7.853 GC heap after
Heap after GC invocations=3 (full 0):
 PSYoungGen      total 27136K, used 1527K [0x00000000eaa80000, 0x00000000edf80000, 0x0000000100000000)
  eden space 25600K, 0% used [0x00000000eaa80000,0x00000000eaa80000,0x00000000ec380000)
  from space 1536K, 99% used [0x00000000ec380000,0x00000000ec4fde88,0x00000000ec500000)
  to   space 1536K, 0% used [0x00000000ede00000,0x00000000ede00000,0x00000000edf80000)
 ParOldGen       total 31232K, used 6522K [0x00000000c0000000, 0x00000000c1e80000, 0x00000000eaa80000)
  object space 31232K, 20% used [0x00000000c0000000,0x00000000c065e978,0x00000000c1e80000)
 PSPermGen       total 21504K, used 6125K [0x00000000b5a00000, 0x00000000b6f00000, 0x00000000c0000000)
  object space 21504K, 28% used [0x00000000b5a00000,0x00000000b5ffb400,0x00000000b6f00000)
}
Event: 9.635 GC heap before
{Heap before GC invocations=4 (full 0):
 PSYoungGen      total 27136K, used 27127K [0x00000000eaa80000, 0x00000000edf80000, 0x0000000100000000)
  eden space 25600K, 100% used [0x00000000eaa80000,0x00000000ec380000,0x00000000ec380000)
  from space 1536K, 99% used [0x00000000ec380000,0x00000000ec4fde88,0x00000000ec500000)
  to   space 1536K, 0% used [0x00000000ede00000,0x00000000ede00000,0x00000000edf80000)
 ParOldGen       total 31232K, used 6586K [0x00000000c0000000, 0x00000000c1e80000, 0x00000000eaa80000)
  object space 31232K, 21% used [0x00000000c0000000,0x00000000c066e8b8,0x00000000c1e80000)
 PSPermGen       total 21504K, used 6178K [0x00000000b5a00000, 0x00000000b6f00000, 0x00000000c0000000)
  object space 21504K, 28% used [0x00000000b5a00000,0x00000000b6008b90,0x00000000b6f00000)
Event: 9.729 GC heap after
Heap after GC invocations=4 (full 0):
 PSYoungGen      total 52736K, used 1511K [0x00000000eaa80000, 0x00000000edf80000, 0x0000000100000000)
  eden space 51200K, 0% used [0x00000000eaa80000,0x00000000eaa80000,0x00000000edc80000)
  from space 1536K, 98% used [0x00000000ede00000,0x00000000edf79fc0,0x00000000edf80000)
  to   space 1536K, 0% used [0x00000000edc80000,0x00000000edc80000,0x00000000ede00000)
 ParOldGen       total 31232K, used 10994K [0x00000000c0000000, 0x00000000c1e80000, 0x00000000eaa80000)
  object space 31232K, 35% used [0x00000000c0000000,0x00000000c0abcba0,0x00000000c1e80000)
 PSPermGen       total 21504K, used 6178K [0x00000000b5a00000, 0x00000000b6f00000, 0x00000000c0000000)
  object space 21504K, 28% used [0x00000000b5a00000,0x00000000b6008b90,0x00000000b6f00000)
}
Event: 13.735 GC heap before
{Heap before GC invocations=5 (full 0):
 PSYoungGen      total 52736K, used 52711K [0x00000000eaa80000, 0x00000000edf80000, 0x0000000100000000)
  eden space 51200K, 100% used [0x00000000eaa80000,0x00000000edc80000,0x00000000edc80000)
  from space 1536K, 98% used [0x00000000ede00000,0x00000000edf79fc0,0x00000000edf80000)
  to   space 1536K, 0% used [0x00000000edc80000,0x00000000edc80000,0x00000000ede00000)
 ParOldGen       total 31232K, used 10996K [0x00000000c0000000, 0x00000000c1e80000, 0x00000000eaa80000)
  object space 31232K, 35% used [0x00000000c0000000,0x00000000c0abd2e8,0x00000000c1e80000)
 PSPermGen       total 21504K, used 6225K [0x00000000b5a00000, 0x00000000b6f00000, 0x00000000c0000000)
  object space 21504K, 28% used [0x00000000b5a00000,0x00000000b6014408,0x00000000b6f00000)
Event: 13.950 GC heap after
Heap after GC invocations=5 (full 0):
 PSYoungGen      total 52736K, used 1525K [0x00000000eaa80000, 0x00000000f2380000, 0x0000000100000000)
  eden space 51200K, 0% used [0x00000000eaa80000,0x00000000eaa80000,0x00000000edc80000)
  from space 1536K, 99% used [0x00000000edc80000,0x00000000eddfd7b0,0x00000000ede00000)
  to   space 10752K, 0% used [0x00000000f1900000,0x00000000f1900000,0x00000000f2380000)
 ParOldGen       total 31232K, used 19236K [0x00000000c0000000, 0x00000000c1e80000, 0x00000000eaa80000)
  object space 31232K, 61% used [0x00000000c0000000,0x00000000c12c91d8,0x00000000c1e80000)
 PSPermGen       total 21504K, used 6225K [0x00000000b5a00000, 0x00000000b6f00000, 0x00000000c0000000)
  object space 21504K, 28% used [0x00000000b5a00000,0x00000000b6014408,0x00000000b6f00000)
}
Event: 17.406 GC heap before
{Heap before GC invocations=6 (full 0):
 PSYoungGen      total 52736K, used 52725K [0x00000000eaa80000, 0x00000000f2380000, 0x0000000100000000)
  eden space 51200K, 100% used [0x00000000eaa80000,0x00000000edc80000,0x00000000edc80000)
  from space 1536K, 99% used [0x00000000edc80000,0x00000000eddfd7b0,0x00000000ede00000)
  to   space 10752K, 0% used [0x00000000f1900000,0x00000000f1900000,0x00000000f2380000)
 ParOldGen       total 31232K, used 19236K [0x00000000c0000000, 0x00000000c1e80000, 0x00000000eaa80000)
  object space 31232K, 61% used [0x00000000c0000000,0x00000000c12c91d8,0x00000000c1e80000)
 PSPermGen       total 21504K, used 6259K [0x00000000b5a00000, 0x00000000b6f00000, 0x00000000c0000000)
  object space 21504K, 29% used [0x00000000b5a00000,0x00000000b601cc50,0x00000000b6f00000)
Event: 17.480 GC heap after
Heap after GC invocations=6 (full 0):
 PSYoungGen      total 111616K, used 9591K [0x00000000eaa80000, 0x00000000f2680000, 0x0000000100000000)
  eden space 100864K, 0% used [0x00000000eaa80000,0x00000000eaa80000,0x00000000f0d00000)
  from space 10752K, 89% used [0x00000000f1900000,0x00000000f225dfb8,0x00000000f2380000)
  to   space 12288K, 0% used [0x00000000f0d00000,0x00000000f0d00000,0x00000000f1900000)
 ParOldGen       total 31232K, used 19236K [0x00000000c0000000, 0x00000000c1e80000, 0x00000000eaa80000)
  object space 31232K, 61% used [0x00000000c0000000,0x00000000c12c91d8,0x00000000c1e80000)
 PSPermGen       total 21504K, used 6259K [0x00000000b5a00000, 0x00000000b6f00000, 0x00000000c0000000)
  object space 21504K, 29% used [0x00000000b5a00000,0x00000000b601cc50,0x00000000b6f00000)
}
Event: 20.454 GC heap before
{Heap before GC invocations=7 (full 0):
 PSYoungGen      total 111616K, used 110455K [0x00000000eaa80000, 0x00000000f2680000, 0x0000000100000000)
  eden space 100864K, 100% used [0x00000000eaa80000,0x00000000f0d00000,0x00000000f0d00000)
  from space 10752K, 89% used [0x00000000f1900000,0x00000000f225dfb8,0x00000000f2380000)
  to   space 12288K, 0% used [0x00000000f0d00000,0x00000000f0d00000,0x00000000f1900000)
 ParOldGen       total 31232K, used 19236K [0x00000000c0000000, 0x00000000c1e80000, 0x00000000eaa80000)
  object space 31232K, 61% used [0x00000000c0000000,0x00000000c12c91d8,0x00000000c1e80000)
 PSPermGen       total 21504K, used 6292K [0x00000000b5a00000, 0x00000000b6f00000, 0x00000000c0000000)
  object space 21504K, 29% used [0x00000000b5a00000,0x00000000b60250d0,0x00000000b6f00000)

