# JRE version: OpenJDK Runtime Environment (7.0_85-b01) (build 1.7.0_85-b01)
# Java VM: OpenJDK 64-Bit Server VM (24.85-b03 mixed mode linux-amd64 compressed oops)
Heap
 PSYoungGen      total 27136K, used 1532K [0x00000000eaa80000, 0x00000000ec680000, 0x0000000100000000)
  eden space 25600K, 0% used [0x00000000eaa80000,0x00000000eaa80000,0x00000000ec380000)
  from space 1536K, 99% used [0x00000000ec380000,0x00000000ec4ff3d8,0x00000000ec500000)
  to   space 1536K, 0% used [0x00000000ec500000,0x00000000ec500000,0x00000000ec680000)
 ParOldGen       total 31232K, used 11325K [0x00000000c0000000, 0x00000000c1e80000, 0x00000000eaa80000)
  object space 31232K, 36% used [0x00000000c0000000,0x00000000c0b0f7e0,0x00000000c1e80000)
 PSPermGen       total 21504K, used 6178K [0x00000000b5a00000, 0x00000000b6f00000, 0x00000000c0000000)
  object space 21504K, 28% used [0x00000000b5a00000,0x00000000b6008a38,0x00000000b6f00000)
GC Heap History (9 events):
Event: 2.046 GC heap before
{Heap before GC invocations=1 (full 0):
 PSYoungGen      total 14336K, used 12800K [0x00000000eaa80000, 0x00000000eba00000, 0x0000000100000000)
  eden space 12800K, 100% used [0x00000000eaa80000,0x00000000eb700000,0x00000000eb700000)
  from space 1536K, 0% used [0x00000000eb880000,0x00000000eb880000,0x00000000eba00000)
  to   space 1536K, 0% used [0x00000000eb700000,0x00000000eb700000,0x00000000eb880000)
 ParOldGen       total 31232K, used 0K [0x00000000c0000000, 0x00000000c1e80000, 0x00000000eaa80000)
  object space 31232K, 0% used [0x00000000c0000000,0x00000000c0000000,0x00000000c1e80000)
 PSPermGen       total 21504K, used 3460K [0x00000000b5a00000, 0x00000000b6f00000, 0x00000000c0000000)
  object space 21504K, 16% used [0x00000000b5a00000,0x00000000b5d61200,0x00000000b6f00000)
Event: 2.049 GC heap after
Heap after GC invocations=1 (full 0):
 PSYoungGen      total 14336K, used 781K [0x00000000eaa80000, 0x00000000eba00000, 0x0000000100000000)
  eden space 12800K, 0% used [0x00000000eaa80000,0x00000000eaa80000,0x00000000eb700000)
  from space 1536K, 50% used [0x00000000eb700000,0x00000000eb7c3678,0x00000000eb880000)
  to   space 1536K, 0% used [0x00000000eb880000,0x00000000eb880000,0x00000000eba00000)
 ParOldGen       total 31232K, used 8K [0x00000000c0000000, 0x00000000c1e80000, 0x00000000eaa80000)
  object space 31232K, 0% used [0x00000000c0000000,0x00000000c0002000,0x00000000c1e80000)
 PSPermGen       total 21504K, used 3460K [0x00000000b5a00000, 0x00000000b6f00000, 0x00000000c0000000)
  object space 21504K, 16% used [0x00000000b5a00000,0x00000000b5d61200,0x00000000b6f00000)
}
Event: 4.296 GC heap before
{Heap before GC invocations=2 (full 0):
 PSYoungGen      total 14336K, used 13581K [0x00000000eaa80000, 0x00000000eba00000, 0x0000000100000000)
  eden space 12800K, 100% used [0x00000000eaa80000,0x00000000eb700000,0x00000000eb700000)
  from space 1536K, 50% used [0x00000000eb700000,0x00000000eb7c3678,0x00000000eb880000)
  to   space 1536K, 0% used [0x00000000eb880000,0x00000000eb880000,0x00000000eba00000)
 ParOldGen       total 31232K, used 8K [0x00000000c0000000, 0x00000000c1e80000, 0x00000000eaa80000)
  object space 31232K, 0% used [0x00000000c0000000,0x00000000c0002000,0x00000000c1e80000)
 PSPermGen       total 21504K, used 5872K [0x00000000b5a00000, 0x00000000b6f00000, 0x00000000c0000000)
  object space 21504K, 27% used [0x00000000b5a00000,0x00000000b5fbc0e0,0x00000000b6f00000)
Event: 4.327 GC heap after
Heap after GC invocations=2 (full 0):
 PSYoungGen      total 14336K, used 1520K [0x00000000eaa80000, 0x00000000eba00000, 0x0000000100000000)
  eden space 12800K, 0% used [0x00000000eaa80000,0x00000000eaa80000,0x00000000eb700000)
  from space 1536K, 98% used [0x00000000eb880000,0x00000000eb9fc028,0x00000000eba00000)
  to   space 1536K, 0% used [0x00000000eb700000,0x00000000eb700000,0x00000000eb880000)
 ParOldGen       total 31232K, used 2106K [0x00000000c0000000, 0x00000000c1e80000, 0x00000000eaa80000)
  object space 31232K, 6% used [0x00000000c0000000,0x00000000c020eb30,0x00000000c1e80000)
 PSPermGen       total 21504K, used 5872K [0x00000000b5a00000, 0x00000000b6f00000, 0x00000000c0000000)
  object space 21504K, 27% used [0x00000000b5a00000,0x00000000b5fbc0e0,0x00000000b6f00000)
}
Event: 5.682 GC heap before
{Heap before GC invocations=3 (full 0):
 PSYoungGen      total 14336K, used 14320K [0x00000000eaa80000, 0x00000000eba00000, 0x0000000100000000)
  eden space 12800K, 100% used [0x00000000eaa80000,0x00000000eb700000,0x00000000eb700000)
  from space 1536K, 98% used [0x00000000eb880000,0x00000000eb9fc028,0x00000000eba00000)
  to   space 1536K, 0% used [0x00000000eb700000,0x00000000eb700000,0x00000000eb880000)
 ParOldGen       total 31232K, used 2106K [0x00000000c0000000, 0x00000000c1e80000, 0x00000000eaa80000)
  object space 31232K, 6% used [0x00000000c0000000,0x00000000c020eb30,0x00000000c1e80000)
 PSPermGen       total 21504K, used 6021K [0x00000000b5a00000, 0x00000000b6f00000, 0x00000000c0000000)
  object space 21504K, 28% used [0x00000000b5a00000,0x00000000b5fe1720,0x00000000b6f00000)
Event: 5.727 GC heap after
Heap after GC invocations=3 (full 0):
 PSYoungGen      total 14336K, used 1516K [0x00000000eaa80000, 0x00000000ec680000, 0x0000000100000000)
  eden space 12800K, 0% used [0x00000000eaa80000,0x00000000eaa80000,0x00000000eb700000)
  from space 1536K, 98% used [0x00000000eb700000,0x00000000eb87b3e8,0x00000000eb880000)
  to   space 1536K, 0% used [0x00000000ec500000,0x00000000ec500000,0x00000000ec680000)
 ParOldGen       total 31232K, used 4840K [0x00000000c0000000, 0x00000000c1e80000, 0x00000000eaa80000)
  object space 31232K, 15% used [0x00000000c0000000,0x00000000c04ba038,0x00000000c1e80000)
 PSPermGen       total 21504K, used 6021K [0x00000000b5a00000, 0x00000000b6f00000, 0x00000000c0000000)
  object space 21504K, 28% used [0x00000000b5a00000,0x00000000b5fe1720,0x00000000b6f00000)
}
Event: 6.902 GC heap before
{Heap before GC invocations=4 (full 0):
 PSYoungGen      total 14336K, used 14316K [0x00000000eaa80000, 0x00000000ec680000, 0x0000000100000000)
  eden space 12800K, 100% used [0x00000000eaa80000,0x00000000eb700000,0x00000000eb700000)
  from space 1536K, 98% used [0x00000000eb700000,0x00000000eb87b3e8,0x00000000eb880000)
  to   space 1536K, 0% used [0x00000000ec500000,0x00000000ec500000,0x00000000ec680000)
 ParOldGen       total 31232K, used 4840K [0x00000000c0000000, 0x00000000c1e80000, 0x00000000eaa80000)
  object space 31232K, 15% used [0x00000000c0000000,0x00000000c04ba038,0x00000000c1e80000)
 PSPermGen       total 21504K, used 6118K [0x00000000b5a00000, 0x00000000b6f00000, 0x00000000c0000000)
  object space 21504K, 28% used [0x00000000b5a00000,0x00000000b5ff9a50,0x00000000b6f00000)
Event: 6.941 GC heap after
Heap after GC invocations=4 (full 0):
 PSYoungGen      total 27136K, used 1532K [0x00000000eaa80000, 0x00000000ec680000, 0x0000000100000000)
  eden space 25600K, 0% used [0x00000000eaa80000,0x00000000eaa80000,0x00000000ec380000)
  from space 1536K, 99% used [0x00000000ec500000,0x00000000ec67f3d8,0x00000000ec680000)
  to   space 1536K, 0% used [0x00000000ec380000,0x00000000ec380000,0x00000000ec500000)
 ParOldGen       total 31232K, used 7315K [0x00000000c0000000, 0x00000000c1e80000, 0x00000000eaa80000)
  object space 31232K, 23% used [0x00000000c0000000,0x00000000c0724d68,0x00000000c1e80000)
 PSPermGen       total 21504K, used 6118K [0x00000000b5a00000, 0x00000000b6f00000, 0x00000000c0000000)
  object space 21504K, 28% used [0x00000000b5a00000,0x00000000b5ff9a50,0x00000000b6f00000)
}
Event: 15.961 GC heap before
{Heap before GC invocations=5 (full 0):
 PSYoungGen      total 27136K, used 27132K [0x00000000eaa80000, 0x00000000ec680000, 0x0000000100000000)
  eden space 25600K, 100% used [0x00000000eaa80000,0x00000000ec380000,0x00000000ec380000)
  from space 1536K, 99% used [0x00000000ec500000,0x00000000ec67f3d8,0x00000000ec680000)
  to   space 1536K, 0% used [0x00000000ec380000,0x00000000ec380000,0x00000000ec500000)
 ParOldGen       total 31232K, used 7315K [0x00000000c0000000, 0x00000000c1e80000, 0x00000000eaa80000)
  object space 31232K, 23% used [0x00000000c0000000,0x00000000c0724d68,0x00000000c1e80000)
 PSPermGen       total 21504K, used 6178K [0x00000000b5a00000, 0x00000000b6f00000, 0x00000000c0000000)
  object space 21504K, 28% used [0x00000000b5a00000,0x00000000b6008a38,0x00000000b6f00000)

