# JRE version: OpenJDK Runtime Environment (7.0_85-b01) (build 1.7.0_85-b01)
# Java VM: OpenJDK 64-Bit Server VM (24.85-b03 mixed mode linux-amd64 compressed oops)
Heap
 PSYoungGen      total 52736K, used 1515K [0x00000000eaa80000, 0x00000000edf80000, 0x0000000100000000)
  eden space 51200K, 0% used [0x00000000eaa80000,0x00000000eaa80000,0x00000000edc80000)
  from space 1536K, 98% used [0x00000000edc80000,0x00000000eddfaf70,0x00000000ede00000)
  to   space 1536K, 0% used [0x00000000ede00000,0x00000000ede00000,0x00000000edf80000)
 ParOldGen       total 31232K, used 20176K [0x00000000c0000000, 0x00000000c1e80000, 0x00000000eaa80000)
  object space 31232K, 64% used [0x00000000c0000000,0x00000000c13b4228,0x00000000c1e80000)
 PSPermGen       total 21504K, used 6213K [0x00000000b5a00000, 0x00000000b6f00000, 0x00000000c0000000)
  object space 21504K, 28% used [0x00000000b5a00000,0x00000000b6011430,0x00000000b6f00000)
GC Heap History (9 events):
Event: 0.495 GC heap before
{Heap before GC invocations=1 (full 0):
 PSYoungGen      total 14336K, used 12800K [0x00000000eaa80000, 0x00000000eba00000, 0x0000000100000000)
  eden space 12800K, 100% used [0x00000000eaa80000,0x00000000eb700000,0x00000000eb700000)
  from space 1536K, 0% used [0x00000000eb880000,0x00000000eb880000,0x00000000eba00000)
  to   space 1536K, 0% used [0x00000000eb700000,0x00000000eb700000,0x00000000eb880000)
 ParOldGen       total 31232K, used 0K [0x00000000c0000000, 0x00000000c1e80000, 0x00000000eaa80000)
  object space 31232K, 0% used [0x00000000c0000000,0x00000000c0000000,0x00000000c1e80000)
 PSPermGen       total 21504K, used 3460K [0x00000000b5a00000, 0x00000000b6f00000, 0x00000000c0000000)
  object space 21504K, 16% used [0x00000000b5a00000,0x00000000b5d61200,0x00000000b6f00000)
Event: 0.504 GC heap after
Heap after GC invocations=1 (full 0):
 PSYoungGen      total 14336K, used 781K [0x00000000eaa80000, 0x00000000ec680000, 0x0000000100000000)
  eden space 12800K, 0% used [0x00000000eaa80000,0x00000000eaa80000,0x00000000eb700000)
  from space 1536K, 50% used [0x00000000eb700000,0x00000000eb7c3678,0x00000000eb880000)
  to   space 1536K, 0% used [0x00000000ec500000,0x00000000ec500000,0x00000000ec680000)
 ParOldGen       total 31232K, used 0K [0x00000000c0000000, 0x00000000c1e80000, 0x00000000eaa80000)
  object space 31232K, 0% used [0x00000000c0000000,0x00000000c0000000,0x00000000c1e80000)
 PSPermGen       total 21504K, used 3460K [0x00000000b5a00000, 0x00000000b6f00000, 0x00000000c0000000)
  object space 21504K, 16% used [0x00000000b5a00000,0x00000000b5d61200,0x00000000b6f00000)
}
Event: 1.815 GC heap before
{Heap before GC invocations=2 (full 0):
 PSYoungGen      total 14336K, used 13581K [0x00000000eaa80000, 0x00000000ec680000, 0x0000000100000000)
  eden space 12800K, 100% used [0x00000000eaa80000,0x00000000eb700000,0x00000000eb700000)
  from space 1536K, 50% used [0x00000000eb700000,0x00000000eb7c3678,0x00000000eb880000)
  to   space 1536K, 0% used [0x00000000ec500000,0x00000000ec500000,0x00000000ec680000)
 ParOldGen       total 31232K, used 0K [0x00000000c0000000, 0x00000000c1e80000, 0x00000000eaa80000)
  object space 31232K, 0% used [0x00000000c0000000,0x00000000c0000000,0x00000000c1e80000)
 PSPermGen       total 21504K, used 5874K [0x00000000b5a00000, 0x00000000b6f00000, 0x00000000c0000000)
  object space 21504K, 27% used [0x00000000b5a00000,0x00000000b5fbca98,0x00000000b6f00000)
Event: 1.834 GC heap after
Heap after GC invocations=2 (full 0):
 PSYoungGen      total 27136K, used 1514K [0x00000000eaa80000, 0x00000000ec680000, 0x0000000100000000)
  eden space 25600K, 0% used [0x00000000eaa80000,0x00000000eaa80000,0x00000000ec380000)
  from space 1536K, 98% used [0x00000000ec500000,0x00000000ec67aaa8,0x00000000ec680000)
  to   space 1536K, 0% used [0x00000000ec380000,0x00000000ec380000,0x00000000ec500000)
 ParOldGen       total 31232K, used 1973K [0x00000000c0000000, 0x00000000c1e80000, 0x00000000eaa80000)
  object space 31232K, 6% used [0x00000000c0000000,0x00000000c01ed668,0x00000000c1e80000)
 PSPermGen       total 21504K, used 5874K [0x00000000b5a00000, 0x00000000b6f00000, 0x00000000c0000000)
  object space 21504K, 27% used [0x00000000b5a00000,0x00000000b5fbca98,0x00000000b6f00000)
}
Event: 4.477 GC heap before
{Heap before GC invocations=3 (full 0):
 PSYoungGen      total 27136K, used 27114K [0x00000000eaa80000, 0x00000000ec680000, 0x0000000100000000)
  eden space 25600K, 100% used [0x00000000eaa80000,0x00000000ec380000,0x00000000ec380000)
  from space 1536K, 98% used [0x00000000ec500000,0x00000000ec67aaa8,0x00000000ec680000)
  to   space 1536K, 0% used [0x00000000ec380000,0x00000000ec380000,0x00000000ec500000)
 ParOldGen       total 31232K, used 1973K [0x00000000c0000000, 0x00000000c1e80000, 0x00000000eaa80000)
  object space 31232K, 6% used [0x00000000c0000000,0x00000000c01ed668,0x00000000c1e80000)
 PSPermGen       total 21504K, used 6112K [0x00000000b5a00000, 0x00000000b6f00000, 0x00000000c0000000)
  object space 21504K, 28% used [0x00000000b5a00000,0x00000000b5ff8358,0x00000000b6f00000)
Event: 4.524 GC heap after
Heap after GC invocations=3 (full 0):
 PSYoungGen      total 27136K, used 1518K [0x00000000eaa80000, 0x00000000edf80000, 0x0000000100000000)
  eden space 25600K, 0% used [0x00000000eaa80000,0x00000000eaa80000,0x00000000ec380000)
  from space 1536K, 98% used [0x00000000ec380000,0x00000000ec4fb8d8,0x00000000ec500000)
  to   space 1536K, 0% used [0x00000000ede00000,0x00000000ede00000,0x00000000edf80000)
 ParOldGen       total 31232K, used 6773K [0x00000000c0000000, 0x00000000c1e80000, 0x00000000eaa80000)
  object space 31232K, 21% used [0x00000000c0000000,0x00000000c069d458,0x00000000c1e80000)
 PSPermGen       total 21504K, used 6112K [0x00000000b5a00000, 0x00000000b6f00000, 0x00000000c0000000)
  object space 21504K, 28% used [0x00000000b5a00000,0x00000000b5ff8358,0x00000000b6f00000)
}
Event: 6.931 GC heap before
{Heap before GC invocations=4 (full 0):
 PSYoungGen      total 27136K, used 27118K [0x00000000eaa80000, 0x00000000edf80000, 0x0000000100000000)
  eden space 25600K, 100% used [0x00000000eaa80000,0x00000000ec380000,0x00000000ec380000)
  from space 1536K, 98% used [0x00000000ec380000,0x00000000ec4fb8d8,0x00000000ec500000)
  to   space 1536K, 0% used [0x00000000ede00000,0x00000000ede00000,0x00000000edf80000)
 ParOldGen       total 31232K, used 6773K [0x00000000c0000000, 0x00000000c1e80000, 0x00000000eaa80000)
  object space 31232K, 21% used [0x00000000c0000000,0x00000000c069d458,0x00000000c1e80000)
 PSPermGen       total 21504K, used 6166K [0x00000000b5a00000, 0x00000000b6f00000, 0x00000000c0000000)
  object space 21504K, 28% used [0x00000000b5a00000,0x00000000b6005930,0x00000000b6f00000)
Event: 7.012 GC heap after
Heap after GC invocations=4 (full 0):
 PSYoungGen      total 52736K, used 1534K [0x00000000eaa80000, 0x00000000edf80000, 0x0000000100000000)
  eden space 51200K, 0% used [0x00000000eaa80000,0x00000000eaa80000,0x00000000edc80000)
  from space 1536K, 99% used [0x00000000ede00000,0x00000000edf7f8c8,0x00000000edf80000)
  to   space 1536K, 0% used [0x00000000edc80000,0x00000000edc80000,0x00000000ede00000)
 ParOldGen       total 31232K, used 11467K [0x00000000c0000000, 0x00000000c1e80000, 0x00000000eaa80000)
  object space 31232K, 36% used [0x00000000c0000000,0x00000000c0b32d98,0x00000000c1e80000)
 PSPermGen       total 21504K, used 6166K [0x00000000b5a00000, 0x00000000b6f00000, 0x00000000c0000000)
  object space 21504K, 28% used [0x00000000b5a00000,0x00000000b6005930,0x00000000b6f00000)
}
Event: 15.124 GC heap before
{Heap before GC invocations=5 (full 0):
 PSYoungGen      total 52736K, used 52734K [0x00000000eaa80000, 0x00000000edf80000, 0x0000000100000000)
  eden space 51200K, 100% used [0x00000000eaa80000,0x00000000edc80000,0x00000000edc80000)
  from space 1536K, 99% used [0x00000000ede00000,0x00000000edf7f8c8,0x00000000edf80000)
  to   space 1536K, 0% used [0x00000000edc80000,0x00000000edc80000,0x00000000ede00000)
 ParOldGen       total 31232K, used 11467K [0x00000000c0000000, 0x00000000c1e80000, 0x00000000eaa80000)
  object space 31232K, 36% used [0x00000000c0000000,0x00000000c0b32d98,0x00000000c1e80000)
 PSPermGen       total 21504K, used 6213K [0x00000000b5a00000, 0x00000000b6f00000, 0x00000000c0000000)
  object space 21504K, 28% used [0x00000000b5a00000,0x00000000b6011430,0x00000000b6f00000)

